Using pre-set license
Built from '2022.3/staging' branch; Version is '2022.3.10f1 (ff3792e53c62) revision 16725906'; Using compiler version '192829333'; Build Type 'Release'
OS: 'Windows 10  (10.0.19045) 64bit Professional' Language: 'pt' Physical Memory: 7880 MB
BatchMode: 1, IsHumanControllingUs: 0, StartBugReporterOnCrash: 0, Is64bit: 1, IsPro: 1

COMMAND LINE ARGUMENTS:
C:\Program Files\Unity\Hub\Editor\2022.3.10f1\Editor\Unity.exe
-adb2
-batchMode
-noUpm
-name
AssetImportWorker1
-projectPath
C:/Users/24025897/Desktop/FinalProjectPi-main
-logFile
Logs/AssetImportWorker1.log
-srvPort
61463
Successfully changed project path to: C:/Users/24025897/Desktop/FinalProjectPi-main
C:/Users/24025897/Desktop/FinalProjectPi-main
[UnityMemory] Configuration Parameters - Can be set up in boot.config
    "memorysetup-bucket-allocator-granularity=16"
    "memorysetup-bucket-allocator-bucket-count=8"
    "memorysetup-bucket-allocator-block-size=33554432"
    "memorysetup-bucket-allocator-block-count=8"
    "memorysetup-main-allocator-block-size=16777216"
    "memorysetup-thread-allocator-block-size=16777216"
    "memorysetup-gfx-main-allocator-block-size=16777216"
    "memorysetup-gfx-thread-allocator-block-size=16777216"
    "memorysetup-cache-allocator-block-size=4194304"
    "memorysetup-typetree-allocator-block-size=2097152"
    "memorysetup-profiler-bucket-allocator-granularity=16"
    "memorysetup-profiler-bucket-allocator-bucket-count=8"
    "memorysetup-profiler-bucket-allocator-block-size=33554432"
    "memorysetup-profiler-bucket-allocator-block-count=8"
    "memorysetup-profiler-allocator-block-size=16777216"
    "memorysetup-profiler-editor-allocator-block-size=1048576"
    "memorysetup-temp-allocator-size-main=16777216"
    "memorysetup-job-temp-allocator-block-size=2097152"
    "memorysetup-job-temp-allocator-block-size-background=1048576"
    "memorysetup-job-temp-allocator-reduction-small-platforms=262144"
    "memorysetup-allocator-temp-initial-block-size-main=262144"
    "memorysetup-allocator-temp-initial-block-size-worker=262144"
    "memorysetup-temp-allocator-size-background-worker=32768"
    "memorysetup-temp-allocator-size-job-worker=262144"
    "memorysetup-temp-allocator-size-preload-manager=33554432"
    "memorysetup-temp-allocator-size-nav-mesh-worker=65536"
    "memorysetup-temp-allocator-size-audio-worker=65536"
    "memorysetup-temp-allocator-size-cloud-worker=32768"
    "memorysetup-temp-allocator-size-gi-baking-worker=262144"
    "memorysetup-temp-allocator-size-gfx=262144"
Player connection [11076] Host "[IP] 132.1.35.17 [Port] 0 [Flags] 2 [Guid] 3802794523 [EditorId] 3802794523 [Version] 1048832 [Id] WindowsEditor(7,350-17) [Debug] 1 [PackageName] WindowsEditor [ProjectName] Editor" joined multi-casting on [225.0.0.222:54997]...

Player connection [11076] Host "[IP] 132.1.35.17 [Port] 0 [Flags] 2 [Guid] 3802794523 [EditorId] 3802794523 [Version] 1048832 [Id] WindowsEditor(7,350-17) [Debug] 1 [PackageName] WindowsEditor [ProjectName] Editor" joined alternative multi-casting on [225.0.0.222:34997]...

[Physics::Module] Initialized MultithreadedJobDispatcher with 19 workers.
Refreshing native plugins compatible for Editor in 75.84 ms, found 3 plugins.
Preloading 0 native plugins for Editor in 0.00 ms.
Initialize engine version: 2022.3.10f1 (ff3792e53c62)
[Subsystems] Discovering subsystems at path C:/Program Files/Unity/Hub/Editor/2022.3.10f1/Editor/Data/Resources/UnitySubsystems
[Subsystems] Discovering subsystems at path C:/Users/24025897/Desktop/FinalProjectPi-main/Assets
GfxDevice: creating device client; threaded=0; jobified=0
Direct3D:
    Version:  Direct3D 11.0 [level 11.1]
    Renderer: Intel(R) UHD Graphics 770 (ID=0x4680)
    Vendor:   Intel
    VRAM:     3940 MB
    Driver:   31.0.101.4953
Initialize mono
Mono path[0] = 'C:/Program Files/Unity/Hub/Editor/2022.3.10f1/Editor/Data/Managed'
Mono path[1] = 'C:/Program Files/Unity/Hub/Editor/2022.3.10f1/Editor/Data/MonoBleedingEdge/lib/mono/unityjit-win32'
Mono config path = 'C:/Program Files/Unity/Hub/Editor/2022.3.10f1/Editor/Data/MonoBleedingEdge/etc'
Using monoOptions --debugger-agent=transport=dt_socket,embedding=1,server=y,suspend=n,address=127.0.0.1:56016
Begin MonoManager ReloadAssembly
Registering precompiled unity dll's ...
Register platform support module: C:/Program Files/Unity/Hub/Editor/2022.3.10f1/Editor/Data/PlaybackEngines/WindowsStandaloneSupport/UnityEditor.WindowsStandalone.Extensions.dll
Registered in 0.033396 seconds.
- Loaded All Assemblies, in  0.907 seconds
Native extension for WindowsStandalone target not found
Mono: successfully reloaded assembly
- Finished resetting the current domain, in  0.442 seconds
Domain Reload Profiling: 1331ms
	BeginReloadAssembly (272ms)
		ExecutionOrderSort (0ms)
		DisableScriptedObjects (0ms)
		BackupInstance (0ms)
		ReleaseScriptingObjects (0ms)
		CreateAndSetChildDomain (1ms)
	RebuildCommonClasses (67ms)
	RebuildNativeTypeToScriptingClass (16ms)
	initialDomainReloadingComplete (188ms)
	LoadAllAssembliesAndSetupDomain (346ms)
		LoadAssemblies (260ms)
		RebuildTransferFunctionScriptingTraits (0ms)
		AnalyzeDomain (341ms)
			TypeCache.Refresh (338ms)
				TypeCache.ScanAssembly (302ms)
			ScanForSourceGeneratedMonoScriptInfo (2ms)
			ResolveRequiredComponents (1ms)
	FinalizeReload (443ms)
		ReleaseScriptCaches (0ms)
		RebuildScriptCaches (0ms)
		SetupLoadedEditorAssemblies (345ms)
			LogAssemblyErrors (0ms)
			InitializePlatformSupportModulesInManaged (19ms)
			SetLoadedEditorAssemblies (12ms)
			RefreshPlugins (0ms)
			BeforeProcessingInitializeOnLoad (5ms)
			ProcessInitializeOnLoadAttributes (220ms)
			ProcessInitializeOnLoadMethodAttributes (87ms)
			AfterProcessingInitializeOnLoad (0ms)
			EditorAssembliesLoaded (0ms)
		ExecutionOrderSort2 (0ms)
		AwakeInstancesAfterBackupRestoration (0ms)
========================================================================
Worker process is ready to serve import requests
Begin MonoManager ReloadAssembly
- Loaded All Assemblies, in  2.124 seconds
Refreshing native plugins compatible for Editor in 33.10 ms, found 3 plugins.
Native extension for WindowsStandalone target not found
Package Manager log level set to [2]
[Package Manager] Server::EnsureServerProcessIsRunning -- launch failed, reason: Unity was launched with the -noUpm command-line argument
[Package Manager] UpmClient::Send -- Unable to send message (not connected to UPM process).
[Package Manager] Cannot connect to Unity Package Manager local server
Mono: successfully reloaded assembly
- Finished resetting the current domain, in  1.392 seconds
Domain Reload Profiling: 3491ms
	BeginReloadAssembly (351ms)
		ExecutionOrderSort (0ms)
		DisableScriptedObjects (9ms)
		BackupInstance (0ms)
		ReleaseScriptingObjects (0ms)
		CreateAndSetChildDomain (31ms)
	RebuildCommonClasses (57ms)
	RebuildNativeTypeToScriptingClass (17ms)
	initialDomainReloadingComplete (101ms)
	LoadAllAssembliesAndSetupDomain (1573ms)
		LoadAssemblies (1314ms)
		RebuildTransferFunctionScriptingTraits (0ms)
		AnalyzeDomain (482ms)
			TypeCache.Refresh (417ms)
				TypeCache.ScanAssembly (368ms)
			ScanForSourceGeneratedMonoScriptInfo (44ms)
			ResolveRequiredComponents (17ms)
	FinalizeReload (1392ms)
		ReleaseScriptCaches (0ms)
		RebuildScriptCaches (0ms)
		SetupLoadedEditorAssemblies (1035ms)
			LogAssemblyErrors (0ms)
			InitializePlatformSupportModulesInManaged (14ms)
			SetLoadedEditorAssemblies (7ms)
			RefreshPlugins (0ms)
			BeforeProcessingInitializeOnLoad (207ms)
			ProcessInitializeOnLoadAttributes (687ms)
			ProcessInitializeOnLoadMethodAttributes (72ms)
			AfterProcessingInitializeOnLoad (36ms)
			EditorAssembliesLoaded (12ms)
		ExecutionOrderSort2 (0ms)
		AwakeInstancesAfterBackupRestoration (13ms)
Launched and connected shader compiler UnityShaderCompiler.exe after 0.13 seconds
Refreshing native plugins compatible for Editor in 19.36 ms, found 3 plugins.
Preloading 0 native plugins for Editor in 0.00 ms.
Unloading 6664 Unused Serialized files (Serialized files now loaded: 0)
Unloading 215 unused Assets / (13.4 MB). Loaded Objects now: 6999.
Memory consumption went from 316.4 MB to 303.0 MB.
Total: 21.314300 ms (FindLiveObjects: 1.671800 ms CreateObjectMapping: 0.340100 ms MarkObjects: 10.479300 ms  DeleteObjects: 8.821300 ms)

AssetImportParameters requested are different than current active one (requested -> active):
  custom:container-demuxer-ogg: 62fdf1f143b41e24485cea50d1cbac27 -> 
  custom:framework-win-MediaFoundation: 216162199b28c13a410421893ffa2e32 -> 
  custom:container-muxer-webm: aa71ff27fc2769a1b78a27578f13a17b -> 
  custom:video-decoder-webm-vp8: 9c59270c3fd7afecdb556c50c9e8de78 -> 
  custom:AudioImporter_EditorPlatform: d09bf68614088b80899f8185d706f6e7 -> 
  custom:audio-decoder-ogg-vorbis: bf7c407c2cedff20999df2af8eb42d56 -> 
  custom:audio-encoder-webm-vorbis: bf7c407c2cedff20999df2af8eb42d56 -> 
  custom:video-decoder-ogg-theora: a1e56fd34408186e4bbccfd4996cb3dc -> 
  custom:container-demuxer-webm: 4f35f7cbe854078d1ac9338744f61a02 -> 
  custom:video-encoder-webm-vp8: eb34c28f22e8b96e1ab97ce403110664 -> 
========================================================================
Received Import Request.
  Time since last request: 14295.510067 seconds.
  path: Assets/JOGO/0e84960789da4cf2b06da6b41c921040.jpg
  artifactKey: Guid(a24ea3099f4c00a4f917b923519236ff) Importer(815301076,1909f56bfc062723c751e8b465ee728b)
Start importing Assets/JOGO/0e84960789da4cf2b06da6b41c921040.jpg using Guid(a24ea3099f4c00a4f917b923519236ff) Importer(815301076,1909f56bfc062723c751e8b465ee728b)  -> (artifact id: 'ec6fadd2a6b0d244f920d94ba392ba67') in 0.137284 seconds
Number of updated asset objects reloaded before import = 0
Number of asset objects unloaded after import = 2
========================================================================
Received Prepare
Refreshing native plugins compatible for Editor in 29.59 ms, found 3 plugins.
Preloading 0 native plugins for Editor in 0.00 ms.
Unloading 125 Unused Serialized files (Serialized files now loaded: 0)
Unloading 126 unused Assets / (13.4 MB). Loaded Objects now: 7002.
Memory consumption went from 167.5 MB to 154.1 MB.
Total: 8.365900 ms (FindLiveObjects: 1.439900 ms CreateObjectMapping: 0.325800 ms MarkObjects: 3.772900 ms  DeleteObjects: 2.826200 ms)

Prepare: number of updated asset objects reloaded= 0
AssetImportParameters requested are different than current active one (requested -> active):
  custom:container-demuxer-ogg: 62fdf1f143b41e24485cea50d1cbac27 -> 
  custom:framework-win-MediaFoundation: 216162199b28c13a410421893ffa2e32 -> 
  custom:container-muxer-webm: aa71ff27fc2769a1b78a27578f13a17b -> 
  custom:video-decoder-webm-vp8: 9c59270c3fd7afecdb556c50c9e8de78 -> 
  custom:SearchIndexIgnoredProperties: e643bd26f0fe6173181afceb89e7c659 -> 
  custom:AudioImporter_EditorPlatform: d09bf68614088b80899f8185d706f6e7 -> 
  custom:audio-decoder-ogg-vorbis: bf7c407c2cedff20999df2af8eb42d56 -> 
  custom:audio-encoder-webm-vorbis: bf7c407c2cedff20999df2af8eb42d56 -> 
  custom:video-decoder-ogg-theora: a1e56fd34408186e4bbccfd4996cb3dc -> 
  custom:CustomObjectIndexerAttribute: a3ef5dd2817f97addfee359851a9dba5 -> 
  custom:container-demuxer-webm: 4f35f7cbe854078d1ac9338744f61a02 -> 
  custom:video-encoder-webm-vp8: eb34c28f22e8b96e1ab97ce403110664 -> 
========================================================================
Received Import Request.
  Time since last request: 315.317097 seconds.
  path: Assets/JOGO/Scenes/MapaTerrain.asset
  artifactKey: Guid(7adf0124ebadeca4f87fd75d42bed541) Importer(815301076,1909f56bfc062723c751e8b465ee728b)
Start importing Assets/JOGO/Scenes/MapaTerrain.asset using Guid(7adf0124ebadeca4f87fd75d42bed541) Importer(815301076,1909f56bfc062723c751e8b465ee728b)  -> (artifact id: 'a7c33bcb70a4e8100445a110038086b0') in 0.083292 seconds
Number of updated asset objects reloaded before import = 0
Number of asset objects unloaded after import = 7
========================================================================
Received Import Request.
  Time since last request: 17.328697 seconds.
  path: Assets/TextMesh Pro/Examples & Extras/Textures/Fruit Jelly (B&W).jpg
  artifactKey: Guid(1cdc5b506b1a4a33a53c30669ced1f51) Importer(815301076,1909f56bfc062723c751e8b465ee728b)
Start importing Assets/TextMesh Pro/Examples & Extras/Textures/Fruit Jelly (B&W).jpg using Guid(1cdc5b506b1a4a33a53c30669ced1f51) Importer(815301076,1909f56bfc062723c751e8b465ee728b)  -> (artifact id: '0433542a9ae2b0fe25041c9c7da6b8ab') in 0.029703 seconds
Number of updated asset objects reloaded before import = 0
Number of asset objects unloaded after import = 2
========================================================================
Received Import Request.
  Time since last request: 13.642215 seconds.
  path: Assets/JOGO/MATERIAL/NewLayer 1.terrainlayer
  artifactKey: Guid(cbb3ff81603ce73479f393e48af7cfff) Importer(815301076,1909f56bfc062723c751e8b465ee728b)
Start importing Assets/JOGO/MATERIAL/NewLayer 1.terrainlayer using Guid(cbb3ff81603ce73479f393e48af7cfff) Importer(815301076,1909f56bfc062723c751e8b465ee728b)  -> (artifact id: 'e10c1d0917b6b89adc5fcd0b90ecb5ee') in 0.061065 seconds
Number of updated asset objects reloaded before import = 0
Number of asset objects unloaded after import = 1
========================================================================
Received Import Request.
  Time since last request: 1.141090 seconds.
  path: Assets/JOGO/Pasta/Bush_02 (1) Variant.prefab
  artifactKey: Guid(230352501eaa6f749b8ade362e6c1b83) Importer(815301076,1909f56bfc062723c751e8b465ee728b)
Start importing Assets/JOGO/Pasta/Bush_02 (1) Variant.prefab using Guid(230352501eaa6f749b8ade362e6c1b83) Importer(815301076,1909f56bfc062723c751e8b465ee728b)  -> (artifact id: '518d84e302919e276df37ef28e0b6416') in 0.377406 seconds
Number of updated asset objects reloaded before import = 0
Number of asset objects unloaded after import = 33
========================================================================
Received Import Request.
  Time since last request: 0.000035 seconds.
  path: Assets/JOGO/Pasta/condicaovic.prefab
  artifactKey: Guid(f31f6f3b4ba068349bed051dfad0ee57) Importer(815301076,1909f56bfc062723c751e8b465ee728b)
Start importing Assets/JOGO/Pasta/condicaovic.prefab using Guid(f31f6f3b4ba068349bed051dfad0ee57) Importer(815301076,1909f56bfc062723c751e8b465ee728b)  -> (artifact id: 'c104045dd32bef45b487ba9138b790ef') in 0.090829 seconds
Number of updated asset objects reloaded before import = 0
Number of asset objects unloaded after import = 14
========================================================================
Received Import Request.
  Time since last request: 0.000046 seconds.
  path: Assets/JOGO/Pasta/Ground_Plane.prefab
  artifactKey: Guid(791c4b4afff21104c9fcce962b1a1772) Importer(815301076,1909f56bfc062723c751e8b465ee728b)
Start importing Assets/JOGO/Pasta/Ground_Plane.prefab using Guid(791c4b4afff21104c9fcce962b1a1772) Importer(815301076,1909f56bfc062723c751e8b465ee728b)  -> (artifact id: 'ebb5ba02c7d2396bbc2ddb70b8fdaf08') in 0.129383 seconds
Number of updated asset objects reloaded before import = 0
Number of asset objects unloaded after import = 17
========================================================================
Received Import Request.
  Time since last request: 0.000026 seconds.
  path: Assets/JOGO/Pasta/Cube (2).prefab
  artifactKey: Guid(cc81922e2ab92aa489a7085e3f4de2cc) Importer(815301076,1909f56bfc062723c751e8b465ee728b)
Start importing Assets/JOGO/Pasta/Cube (2).prefab using Guid(cc81922e2ab92aa489a7085e3f4de2cc) Importer(815301076,1909f56bfc062723c751e8b465ee728b)  -> (artifact id: '22335295bbd8f8c0d725836a2bf3fab2') in 0.018009 seconds
Number of updated asset objects reloaded before import = 0
Number of asset objects unloaded after import = 7
========================================================================
Received Import Request.
  Time since last request: 0.000029 seconds.
  path: Assets/JOGO/PREFABS/character_bear.fbx
  artifactKey: Guid(fa4ccf7eaacde7c469f3d144285eebb1) Importer(815301076,1909f56bfc062723c751e8b465ee728b)
Start importing Assets/JOGO/PREFABS/character_bear.fbx using Guid(fa4ccf7eaacde7c469f3d144285eebb1) Importer(815301076,1909f56bfc062723c751e8b465ee728b)  -> (artifact id: '55adeb9725c28f18ca9c70763e486cdd') in 0.212430 seconds
Number of updated asset objects reloaded before import = 0
Number of asset objects unloaded after import = 24
========================================================================
Received Import Request.
  Time since last request: 0.000081 seconds.
  path: Assets/JOGO/Pasta/Ground_Plane (2).prefab
  artifactKey: Guid(e160878272a761b44b2b47779f501603) Importer(815301076,1909f56bfc062723c751e8b465ee728b)
Start importing Assets/JOGO/Pasta/Ground_Plane (2).prefab using Guid(e160878272a761b44b2b47779f501603) Importer(815301076,1909f56bfc062723c751e8b465ee728b)  -> (artifact id: '937e7eb10e7c701d29ec5c24a598f9dd') in 0.028910 seconds
Number of updated asset objects reloaded before import = 0
Number of asset objects unloaded after import = 17
Editor requested this worker to shutdown with reason: Scaling down because of idle timeout
TcpMessagingSession - receive error: operation aborted. errorcode: 995, details: A operação de E/S foi anulada devido a uma saída de thread ou a uma requisição de aplicativo.
AssetImportWorker is now disconnected from the server
Process exiting
Exiting without the bug reporter. Application will terminate with return code 0